<?xml version="1.0" encoding="UTF-8"?>
<!-- Generated by org.testng.reporters.JUnitReportReporter -->
<testsuite hostname="cog-sys-065" failures="0" tests="4" name="testcases.Designation" time="257.930" errors="0" timestamp="7 Dec 2021 07:53:31 GMT">
  <testcase classname="testcases.Designation" name="editDesignation" time="70.700"/>
  <testcase classname="testcases.Designation" name="addDesignationValidationCheck" time="57.936"/>
  <testcase classname="testcases.Designation" name="designationListing" time="83.146"/>
  <testcase classname="testcases.Designation" name="addDesignation" time="46.148"/>
</testsuite> <!-- testcases.Designation -->
