<?xml version="1.0" encoding="UTF-8"?>
<!-- Generated by org.testng.reporters.JUnitReportReporter -->
<testsuite hostname="cog-sys-065" failures="0" tests="4" name="testcases.Channel" time="213.863" errors="0" timestamp="7 Dec 2021 07:53:31 GMT">
  <testcase classname="testcases.Channel" name="addChannel" time="44.934"/>
  <testcase classname="testcases.Channel" name="channellisting" time="76.019"/>
  <testcase classname="testcases.Channel" name="editChannel" time="59.146"/>
  <testcase classname="testcases.Channel" name="validationCheck" time="33.764"/>
</testsuite> <!-- testcases.Channel -->
