<?xml version="1.0" encoding="UTF-8"?>
<!-- Generated by org.testng.reporters.JUnitReportReporter -->
<testsuite hostname="cog-sys-065" failures="0" tests="2" name="testcases.Greeting" time="99.176" errors="0" timestamp="7 Dec 2021 07:53:31 GMT">
  <testcase classname="testcases.Greeting" name="validationCheck" time="27.161"/>
  <testcase classname="testcases.Greeting" name="addGreeting" time="72.015"/>
</testsuite> <!-- testcases.Greeting -->
