<?xml version="1.0" encoding="UTF-8"?>
<!-- Generated by org.testng.reporters.JUnitReportReporter -->
<testsuite hostname="cog-sys-065" failures="0" tests="4" name="testcases.Stage" time="328.474" errors="0" timestamp="7 Dec 2021 07:53:31 GMT">
  <testcase classname="testcases.Stage" name="validationCheck" time="90.743"/>
  <testcase classname="testcases.Stage" name="StageListing" time="76.225"/>
  <testcase classname="testcases.Stage" name="EditStage" time="67.186"/>
  <testcase classname="testcases.Stage" name="addStage" time="94.320"/>
</testsuite> <!-- testcases.Stage -->
