<?xml version="1.0" encoding="UTF-8"?>
<!-- Generated by org.testng.reporters.JUnitReportReporter -->
<testsuite hostname="cog-sys-065" failures="0" tests="3" name="testcases.UserTitle" time="165.219" errors="0" timestamp="7 Dec 2021 07:53:31 GMT">
  <testcase classname="testcases.UserTitle" name="StageListing" time="73.703"/>
  <testcase classname="testcases.UserTitle" name="addUserTitle" time="30.667"/>
  <testcase classname="testcases.UserTitle" name="EditUserTitle" time="60.849"/>
</testsuite> <!-- testcases.UserTitle -->
