<?xml version="1.0" encoding="UTF-8"?>
<!-- Generated by org.testng.reporters.JUnitReportReporter -->
<testsuite hostname="cog-sys-065" failures="0" tests="4" name="testcases.ContactType" time="231.139" errors="0" timestamp="29 Oct 2021 16:47:21 GMT">
  <testcase classname="testcases.ContactType" name="validationCheck" time="30.491"/>
  <testcase classname="testcases.ContactType" name="editContactType" time="52.036"/>
  <testcase classname="testcases.ContactType" name="addContactType" time="45.415"/>
  <testcase classname="testcases.ContactType" name="contactTypeListing" time="103.197"/>
</testsuite> <!-- testcases.ContactType -->
