<?xml version="1.0" encoding="UTF-8"?>
<!-- Generated by org.testng.reporters.JUnitReportReporter -->
<testsuite hostname="cog-sys-065" failures="0" tests="4" name="testcases.Phase" time="255.460" errors="0" timestamp="7 Dec 2021 07:53:31 GMT">
  <testcase classname="testcases.Phase" name="validationCheck" time="52.783"/>
  <testcase classname="testcases.Phase" name="addPhase" time="52.227"/>
  <testcase classname="testcases.Phase" name="phaseListing" time="89.113"/>
  <testcase classname="testcases.Phase" name="editPhase" time="61.337"/>
</testsuite> <!-- testcases.Phase -->
