<?xml version="1.0" encoding="UTF-8"?>
<!-- Generated by org.testng.reporters.JUnitReportReporter -->
<testsuite hostname="cog-sys-065" failures="0" tests="4" name="testcases.Trip" time="217.022" errors="0" timestamp="7 Dec 2021 07:53:31 GMT">
  <testcase classname="testcases.Trip" name="validationCheck" time="35.086"/>
  <testcase classname="testcases.Trip" name="addTrip" time="46.845"/>
  <testcase classname="testcases.Trip" name="EditTrip" time="63.526"/>
  <testcase classname="testcases.Trip" name="TripListing" time="71.565"/>
</testsuite> <!-- testcases.Trip -->
