<?xml version="1.0" encoding="UTF-8"?>
<!-- Generated by org.testng.reporters.JUnitReportReporter -->
<testsuite hostname="cog-sys-065" failures="0" tests="4" name="testcases.IndustryType" time="255.886" errors="0" timestamp="7 Dec 2021 07:53:31 GMT">
  <testcase classname="testcases.IndustryType" name="IndustryTypeListing" time="90.553"/>
  <testcase classname="testcases.IndustryType" name="addIndustryTypeValidation" time="35.487"/>
  <testcase classname="testcases.IndustryType" name="addIndustryType" time="53.487"/>
  <testcase classname="testcases.IndustryType" name="editIndustryType" time="76.359"/>
</testsuite> <!-- testcases.IndustryType -->
