<?xml version="1.0" encoding="UTF-8"?>
<!-- Generated by org.testng.reporters.JUnitReportReporter -->
<testsuite hostname="cog-sys-065" failures="0" tests="5" name="testcases.Feedback" time="346.939" errors="0" timestamp="21 Jul 2021 09:52:05 GMT">
  <testcase classname="testcases.Feedback" name="feedbacklisting" time="62.401"/>
  <testcase classname="testcases.Feedback" name="deleteAlltickets" time="43.459"/>
  <testcase classname="testcases.Feedback" name="addFeedback" time="105.098"/>
  <testcase classname="testcases.Feedback" name="validationCheck" time="80.342"/>
  <testcase classname="testcases.Feedback" name="editFeedback" time="55.639"/>
</testsuite> <!-- testcases.Feedback -->
