<?xml version="1.0" encoding="UTF-8"?>
<!-- Generated by org.testng.reporters.JUnitReportReporter -->
<testsuite hostname="cog-sys-065" failures="0" tests="4" name="testcases.Service" time="225.976" errors="0" timestamp="7 Dec 2021 07:53:31 GMT">
  <testcase classname="testcases.Service" name="validationCheck" time="36.448"/>
  <testcase classname="testcases.Service" name="editService" time="63.152"/>
  <testcase classname="testcases.Service" name="ServiceListing" time="75.426"/>
  <testcase classname="testcases.Service" name="addService" time="50.950"/>
</testsuite> <!-- testcases.Service -->
