<?xml version="1.0" encoding="UTF-8"?>
<!-- Generated by org.testng.reporters.JUnitReportReporter -->
<testsuite hostname="cog-sys-065" failures="0" tests="3" name="testcases.LoginAuthorization" time="176.420" errors="0" timestamp="7 Dec 2021 07:53:31 GMT">
  <testcase classname="testcases.LoginAuthorization" name="TripListing" time="72.770"/>
  <testcase classname="testcases.LoginAuthorization" name="EditLoginAuthorization" time="64.818"/>
  <testcase classname="testcases.LoginAuthorization" name="addLoginAuthorization" time="38.832"/>
</testsuite> <!-- testcases.LoginAuthorization -->
