<?xml version="1.0" encoding="UTF-8"?>
<!-- Generated by org.testng.reporters.JUnitReportReporter -->
<testsuite hostname="cog-sys-065" failures="0" tests="2" name="testcases.PaymentGateway" time="127.441" errors="0" timestamp="7 Dec 2021 07:53:31 GMT">
  <testcase classname="testcases.PaymentGateway" name="addPaymentGateway" time="64.570"/>
  <testcase classname="testcases.PaymentGateway" name="editPaymentGateway" time="62.871"/>
</testsuite> <!-- testcases.PaymentGateway -->
