<?xml version="1.0" encoding="UTF-8"?>
<!-- Generated by org.testng.reporters.JUnitReportReporter -->
<testsuite hostname="cog-sys-065" failures="0" tests="4" name="testcases.CurrencyManagement" time="255.985" errors="0" timestamp="7 Dec 2021 07:53:31 GMT">
  <testcase classname="testcases.CurrencyManagement" name="SourcecurrencyDuplicateValidation" time="55.400"/>
  <testcase classname="testcases.CurrencyManagement" name="currencyValidationCheck" time="113.694"/>
  <testcase classname="testcases.CurrencyManagement" name="BasecurrencyDuplicateValidation" time="33.836"/>
  <testcase classname="testcases.CurrencyManagement" name="addNewCurrencyAndDelete" time="53.055"/>
</testsuite> <!-- testcases.CurrencyManagement -->
