<?xml version="1.0" encoding="UTF-8"?>
<!-- Generated by org.testng.reporters.JUnitReportReporter -->
<testsuite hostname="cog-sys-065" failures="0" tests="2" name="testcases.CompanyNotification" time="374.296" errors="0" timestamp="7 Dec 2021 07:53:31 GMT">
  <testcase classname="testcases.CompanyNotification" name="moduleWiseCheckverification" time="317.661"/>
  <testcase classname="testcases.CompanyNotification" name="mainMultiCheckboxVerification" time="56.635"/>
</testsuite> <!-- testcases.CompanyNotification -->
