<?xml version="1.0" encoding="UTF-8"?>
<!-- Generated by org.testng.reporters.JUnitReportReporter -->
<testsuite hostname="cog-sys-065" failures="0" tests="4" name="testcases.Category" time="208.123" errors="0" timestamp="7 Dec 2021 07:53:31 GMT">
  <testcase classname="testcases.Category" name="addCategory" time="30.036"/>
  <testcase classname="testcases.Category" name="editCategory" time="57.928"/>
  <testcase classname="testcases.Category" name="addCategoryValidationCheck" time="46.481"/>
  <testcase classname="testcases.Category" name="CategoryListing" time="73.678"/>
</testsuite> <!-- testcases.Category -->
