<?xml version="1.0" encoding="UTF-8"?>
<!-- Generated by org.testng.reporters.JUnitReportReporter -->
<testsuite hostname="cog-sys-065" failures="0" tests="4" name="testcases.Shift" time="250.069" errors="0" timestamp="7 Dec 2021 07:53:31 GMT">
  <testcase classname="testcases.Shift" name="editShiftFexible" time="62.374"/>
  <testcase classname="testcases.Shift" name="validationCheck" time="36.901"/>
  <testcase classname="testcases.Shift" name="ServiceListing" time="72.908"/>
  <testcase classname="testcases.Shift" name="addShiftFexible" time="77.886"/>
</testsuite> <!-- testcases.Shift -->
