<?xml version="1.0" encoding="UTF-8"?>
<!-- Generated by org.testng.reporters.JUnitReportReporter -->
<testsuite hostname="cog-sys-065" failures="0" tests="4" name="testcases.Priority" time="210.880" errors="0" timestamp="7 Dec 2021 07:53:31 GMT">
  <testcase classname="testcases.Priority" name="priorityListing" time="74.108"/>
  <testcase classname="testcases.Priority" name="addPriority" time="44.245"/>
  <testcase classname="testcases.Priority" name="editPriority" time="58.174"/>
  <testcase classname="testcases.Priority" name="validationCheck" time="34.353"/>
</testsuite> <!-- testcases.Priority -->
