<?xml version="1.0" encoding="UTF-8"?>
<!-- Generated by org.testng.reporters.JUnitReportReporter -->
<testsuite hostname="cog-sys-065" failures="0" tests="3" name="testcases.TrainingFeedback" time="208.815" errors="0" timestamp="11 Nov 2021 23:20:17 GMT">
  <testcase classname="testcases.TrainingFeedback" name="editTrainingFeedback" time="69.903"/>
  <testcase classname="testcases.TrainingFeedback" name="TrainingFeedbacklisting" time="86.501"/>
  <testcase classname="testcases.TrainingFeedback" name="addTrainingFeedback" time="52.411"/>
</testsuite> <!-- testcases.TrainingFeedback -->
