<?xml version="1.0" encoding="UTF-8"?>
<!-- Generated by org.testng.reporters.JUnitReportReporter -->
<testsuite hostname="cog-sys-065" failures="0" tests="3" name="testcases.Break" time="166.160" errors="0" timestamp="7 Dec 2021 07:53:31 GMT">
  <testcase classname="testcases.Break" name="EditBreak" time="56.564"/>
  <testcase classname="testcases.Break" name="AddBreakValidationCheck" time="51.868"/>
  <testcase classname="testcases.Break" name="AddBreak" time="57.728"/>
</testsuite> <!-- testcases.Break -->
