<?xml version="1.0" encoding="UTF-8"?>
<!-- Generated by org.testng.reporters.JUnitReportReporter -->
<testsuite hostname="cog-sys-065" failures="0" tests="4" name="testcases.Department" time="265.678" errors="0" timestamp="7 Dec 2021 07:53:31 GMT">
  <testcase classname="testcases.Department" name="addDepartment" time="60.019"/>
  <testcase classname="testcases.Department" name="addDepartmentValidationCheck" time="82.445"/>
  <testcase classname="testcases.Department" name="departmentListing" time="71.458"/>
  <testcase classname="testcases.Department" name="editDepartment" time="51.756"/>
</testsuite> <!-- testcases.Department -->
