<?xml version="1.0" encoding="UTF-8"?>
<!-- Generated by org.testng.reporters.JUnitReportReporter -->
<testsuite hostname="cog-sys-065" failures="0" tests="4" name="testcases.Location" time="231.943" errors="0" timestamp="7 Dec 2021 07:53:31 GMT">
  <testcase classname="testcases.Location" name="addParentLocation" time="37.610"/>
  <testcase classname="testcases.Location" name="editLocation" time="77.146"/>
  <testcase classname="testcases.Location" name="addChildLocation" time="64.967"/>
  <testcase classname="testcases.Location" name="LocationListing" time="52.220"/>
</testsuite> <!-- testcases.Location -->
