<?xml version="1.0" encoding="UTF-8"?>
<!-- Generated by org.testng.reporters.JUnitReportReporter -->
<testsuite hostname="cog-sys-065" failures="0" tests="5" name="testcases.Emailtemplate" time="334.784" errors="0" timestamp="7 Dec 2021 07:53:31 GMT">
  <testcase classname="testcases.Emailtemplate" name="addEmailTemplate" time="49.958"/>
  <testcase classname="testcases.Emailtemplate" name="addAdvancedEmailTemplate" time="48.779"/>
  <testcase classname="testcases.Emailtemplate" name="editEmailTemplate" time="60.929"/>
  <testcase classname="testcases.Emailtemplate" name="emailTemplateListing" time="83.800"/>
  <testcase classname="testcases.Emailtemplate" name="validationCheck" time="91.318"/>
</testsuite> <!-- testcases.Emailtemplate -->
