<?xml version="1.0" encoding="UTF-8"?>
<!-- Generated by org.testng.reporters.JUnitReportReporter -->
<testsuite hostname="cog-sys-065" failures="0" tests="3" name="testcases.TemplateMapping" time="203.230" errors="0" timestamp="17 Nov 2021 16:04:27 GMT">
  <testcase classname="testcases.TemplateMapping" name="addTemplateMapping" time="47.924"/>
  <testcase classname="testcases.TemplateMapping" name="TrainingFeedbacklisting" time="78.671"/>
  <testcase classname="testcases.TemplateMapping" name="addTemplateMappingValidation" time="76.635"/>
</testsuite> <!-- testcases.TemplateMapping -->
