<?xml version="1.0" encoding="UTF-8"?>
<!-- Generated by org.testng.reporters.JUnitReportReporter -->
<testsuite hostname="cog-sys-065" failures="0" tests="4" name="testcases.Venue" time="241.101" errors="0" timestamp="10 Nov 2021 20:38:22 GMT">
  <testcase classname="testcases.Venue" name="addVenue" time="38.120"/>
  <testcase classname="testcases.Venue" name="deleteVenue" time="51.448"/>
  <testcase classname="testcases.Venue" name="addLayout" time="81.118"/>
  <testcase classname="testcases.Venue" name="editVenue" time="70.415"/>
</testsuite> <!-- testcases.Venue -->
