<?xml version="1.0" encoding="UTF-8"?>
<!-- Generated by org.testng.reporters.JUnitReportReporter -->
<testsuite hostname="cog-sys-065" failures="0" tests="3" name="testcases.PasswordPolicy" time="388.153" errors="0" timestamp="4 Jan 2022 05:24:51 GMT">
  <testcase classname="testcases.PasswordPolicy" name="blackklist" time="108.331"/>
  <testcase classname="testcases.PasswordPolicy" name="reusePassword" time="169.461"/>
  <testcase classname="testcases.PasswordPolicy" name="passwordLength" time="110.361"/>
</testsuite> <!-- testcases.PasswordPolicy -->
