<?xml version="1.0" encoding="UTF-8"?>
<!-- Generated by org.testng.reporters.JUnitReportReporter -->
<testsuite hostname="cog-sys-065" failures="0" tests="4" name="testcases.Status" time="252.402" errors="0" timestamp="21 Oct 2021 19:16:48 GMT">
  <testcase classname="testcases.Status" name="addStatus" time="65.275"/>
  <testcase classname="testcases.Status" name="validationCheck" time="55.992"/>
  <testcase classname="testcases.Status" name="StatusListing" time="70.908"/>
  <testcase classname="testcases.Status" name="EditStatus" time="60.227"/>
</testsuite> <!-- testcases.Status -->
