<?xml version="1.0" encoding="UTF-8"?>
<!-- Generated by org.testng.reporters.JUnitReportReporter -->
<testsuite hostname="cog-sys-065" failures="0" tests="4" name="testcases.Skill" time="249.506" errors="0" timestamp="7 Dec 2021 07:53:31 GMT">
  <testcase classname="testcases.Skill" name="validationCheck" time="41.436"/>
  <testcase classname="testcases.Skill" name="SkillListing" time="74.394"/>
  <testcase classname="testcases.Skill" name="addSkill" time="70.669"/>
  <testcase classname="testcases.Skill" name="EditSkill" time="63.007"/>
</testsuite> <!-- testcases.Skill -->
